#
# A fatal error has been detected by the Java Runtime Environment:
#
#  SIGSEGV (0xb) at pc=0x00007f1c708508a6, pid=6250, tid=0x00007f1c58afa700
#
# JRE version: Java(TM) SE Runtime Environment (8.0_191-b12) (build 1.8.0_191-b12)
# Java VM: Java HotSpot(TM) 64-Bit Server VM (25.191-b12 mixed mode linux-amd64 compressed oops)
# Problematic frame:
# V  [libjvm.so+0x5df8a6]  GenerateOopMap::do_field(int, int, int, int)+0x46
#
# Failed to write core dump. Core dumps have been disabled. To enable core dumping, try "ulimit -c unlimited" before starting Java again
#
# If you would like to submit a bug report, please visit:
#   http://bugreport.java.com/bugreport/crash.jsp
#

---------------  T H R E A D  ---------------

Current thread (0x00007f1c6807e000):  VMThread [stack: 0x00007f1c589fa000,0x00007f1c58afb000] [id=6262]

siginfo: si_signo: 11 (SIGSEGV), si_code: 1 (SEGV_MAPERR), si_addr: 0x0000000000000008

Registers:
RAX=0x0000000000000000, RBX=0x00007f1c58af92c0, RCX=0x000000000000ca0a, RDX=0x0000000000000000
RSP=0x00007f1c58af8fc0, RBP=0x00007f1c58af9010, RSI=0x0000000000000000, RDI=0x00007f1c6d32c890
R8 =0x00000000000000b6, R9 =0x0000000000000004, R10=0x0000000047000000, R11=0x00000000cfffff00
R12=0x0000000000000001, R13=0x00007f1c6d32c890, R14=0x0000000000000000, R15=0x00000000000000b6
RIP=0x00007f1c708508a6, EFLAGS=0x0000000000010202, CSGSFS=0x002b000000000033, ERR=0x0000000000000004
  TRAPNO=0x000000000000000e

Top of Stack: (sp=0x00007f1c58af8fc0)
0x00007f1c58af8fc0:   00007f1c58af92c0 00007f1c58af9070
0x00007f1c58af8fd0:   00000000000000b6 00000000000000b6
0x00007f1c58af8fe0:   00007f1c58af9010 00007f1c6d32cf90
0x00007f1c58af8ff0:   00007f1c58af92c0 00000000000000d3
0x00007f1c58af9000:   00000000000000b6 00007f1c6d32cf90
0x00007f1c58af9010:   00007f1c58af90d0 00007f1c70851c0f
0x00007f1c58af9020:   00007f1c58af9060 00007f1c6802d000
0x00007f1c58af9030:   47000000000000d3 00007f1c6802d08c
0x00007f1c58af9040:   000000d300000004 00007f1c58af9070
0x00007f1c58af9050:   00007f1c6d32cfa0 00007f1c6807e000
0x00007f1c58af9060:   00007f1c6d32cfa0 00007f1c6807e000
0x00007f1c58af9070:   00007f1c58af90d0 00007f1c6d32cfa0
0x00007f1c58af9080:   00007f1c6807e000 000000b9000000b6
0x00007f1c58af9090:   000000b4000000d3 000000b471210000
0x00007f1c58af90a0:   00007f1c6802d080 0000000000000005
0x00007f1c58af90b0:   00000000000000a0 00007f1c58af92c0
0x00007f1c58af90c0:   00007f1c70da9538 0000000000000001
0x00007f1c58af90d0:   00007f1c58af9110 00007f1c7085571d
0x00007f1c58af90e0:   00007f1c6802d000 00007f1c58af92c0
0x00007f1c58af90f0:   00007f1c58af9130 00007f1c58af9160
0x00007f1c58af9100:   00007f1c58af9120 00007f1c6807e000
0x00007f1c58af9110:   00007f1c58af91c0 00007f1c70855afb
0x00007f1c58af9120:   00007f1c6d32cfa0 00007f1c6807e000
0x00007f1c58af9130:   00007f1c58af0100 0000000000000000
0x00007f1c58af9140:   00007f1c6d32cfa0 00007f1c6807e000
0x00007f1c58af9150:   00007f1c6d32cfa0 00007f1c6d32cfa0
0x00007f1c58af9160:   00007f1c58af0000 0000000000000000
0x00007f1c58af9170:   00007f1c6807e000 00007f1c6807e000
0x00007f1c58af9180:   00007f1c6d32cfa0 00007f1c6807e000
0x00007f1c58af9190:   00007f1c6807e000 00007f1c58af92c0
0x00007f1c58af91a0:   00007f1c6807e000 00007f1c6802ce90
0x00007f1c58af91b0:   00007f1c6807d5e0 00007f1c6802cea0 

Instructions: (pc=0x00007f1c708508a6)
0x00007f1c70850886:   8b 40 08 4c 8b 68 08 4c 89 ef e8 4b 19 ef ff 4c
0x00007f1c70850896:   89 ef 89 c6 e8 81 1a ef ff 48 98 49 8b 44 c5 50
0x00007f1c708508a6:   0f b6 40 08 3c 4c 0f 84 1e 01 00 00 3c 5b 0f 84
0x00007f1c708508b6:   16 01 00 00 3c 4a 0f 84 ce 00 00 00 3c 44 0f 84 

Register to memory mapping:

RAX=0x0000000000000000 is an unknown value
RBX=0x00007f1c58af92c0 is an unknown value
RCX=0x000000000000ca0a is an unknown value
RDX=0x0000000000000000 is an unknown value
RSP=0x00007f1c58af8fc0 is an unknown value
RBP=0x00007f1c58af9010 is an unknown value
RSI=0x0000000000000000 is an unknown value
RDI=0x00007f1c6d32c890 is pointing into metadata
R8 =0x00000000000000b6 is an unknown value
R9 =0x0000000000000004 is an unknown value
R10=0x0000000047000000 is an unknown value
R11=0x00000000cfffff00 is an unallocated location in the heap
R12=0x0000000000000001 is an unknown value
R13=0x00007f1c6d32c890 is pointing into metadata
R14=0x0000000000000000 is an unknown value
R15=0x00000000000000b6 is an unknown value


Stack: [0x00007f1c589fa000,0x00007f1c58afb000],  sp=0x00007f1c58af8fc0,  free space=1019k
Native frames: (J=compiled Java code, j=interpreted, Vv=VM code, C=native code)
V  [libjvm.so+0x5df8a6]  GenerateOopMap::do_field(int, int, int, int)+0x46
V  [libjvm.so+0x5e0c0f]  GenerateOopMap::interp_bb(BasicBlock*)+0x16f
V  [libjvm.so+0x5e471d]  GenerateOopMap::do_interpretation()+0xbd
V  [libjvm.so+0x5e4afb]  GenerateOopMap::compute_map(Thread*)+0x29b
V  [libjvm.so+0x8fb4bf]  OopMapForCacheEntry::compute_map(Thread*)+0x8f
V  [libjvm.so+0x8fd1c8]  OopMapCacheEntry::fill(methodHandle, int)+0x2a8
V  [libjvm.so+0x8fe147]  OopMapCache::compute_one_oop_map(methodHandle, int, InterpreterOopMap*)+0x127
V  [libjvm.so+0x8fe9d6]  OopMapCache::lookup(methodHandle, int, InterpreterOopMap*) const+0x5c6
V  [libjvm.so+0x6406d3]  InstanceKlass::mask_for(methodHandle, int, InterpreterOopMap*)+0x83
V  [libjvm.so+0x8911b1]  Method::mask_for(int, InterpreterOopMap*)+0xb1
V  [libjvm.so+0x77d5aa]  VM_GetOrSetLocal::doit()+0x4a
V  [libjvm.so+0xad50f6]  VM_Operation::evaluate()+0x46
V  [libjvm.so+0xad347d]  VMThread::evaluate_operation(VM_Operation*) [clone .constprop.44]+0xcd
V  [libjvm.so+0xad3a3b]  VMThread::loop()+0x37b
V  [libjvm.so+0xad3de8]  VMThread::run()+0x78
V  [libjvm.so+0x909c92]  java_start(Thread*)+0x102

VM_Operation (0x00007f1c584f0a00): GetOrSetLocal, mode: safepoint, requested by thread 0x00007f1c680ca000


---------------  P R O C E S S  ---------------

Java Threads: ( => current thread )
  0x00007f1c04010000 JavaThread "Exec Stream Pumper" daemon [_thread_in_native, id=6303, stack(0x00007f1c1a61b000,0x00007f1c1a71c000)]
  0x00007f1c0400d000 JavaThread "Exec Stream Pumper" daemon [_thread_in_native, id=6302, stack(0x00007f1c1a71c000,0x00007f1c1a81d000)]
  0x00007f1c04009800 JavaThread "process reaper" daemon [_thread_in_native, id=6301, stack(0x00007f1c1a81d000,0x00007f1c1a856000)]
  0x00007f1c68827800 JavaThread "Exec Default Executor" daemon [_thread_blocked, id=6294, stack(0x00007f1c1ab73000,0x00007f1c1ac74000)]
  0x00007f1c684e3000 JavaThread "ReaderThread" [_thread_in_native, id=6281, stack(0x00007f1c1b704000,0x00007f1c1b805000)]
  0x00007f1c680d8000 JavaThread "Service Thread" daemon [_thread_blocked, id=6278, stack(0x00007f1c1beff000,0x00007f1c1c000000)]
  0x00007f1c680d4800 JavaThread "C1 CompilerThread2" daemon [_thread_blocked, id=6277, stack(0x00007f1c5004e000,0x00007f1c5014f000)]
  0x00007f1c680d2800 JavaThread "C2 CompilerThread1" daemon [_thread_blocked, id=6276, stack(0x00007f1c5014f000,0x00007f1c50250000)]
  0x00007f1c680cf800 JavaThread "C2 CompilerThread0" daemon [_thread_blocked, id=6274, stack(0x00007f1c580ee000,0x00007f1c581ef000)]
  0x00007f1c2c001000 JavaThread "JDWP Command Reader" daemon [_thread_in_native, id=6271, stack(0x00007f1c581ef000,0x00007f1c582f0000)]
  0x00007f1c680cd800 JavaThread "JDWP Event Helper Thread" daemon [_thread_blocked, id=6269, stack(0x00007f1c582f0000,0x00007f1c583f1000)]
  0x00007f1c680ca000 JavaThread "JDWP Transport Listener: dt_socket" daemon [_thread_blocked, id=6267, stack(0x00007f1c583f1000,0x00007f1c584f2000)]
  0x00007f1c680bc000 JavaThread "Signal Dispatcher" daemon [_thread_blocked, id=6265, stack(0x00007f1c586f7000,0x00007f1c587f8000)]
  0x00007f1c6808a000 JavaThread "Finalizer" daemon [_thread_blocked, id=6264, stack(0x00007f1c587f8000,0x00007f1c588f9000)]
  0x00007f1c68087800 JavaThread "Reference Handler" daemon [_thread_blocked, id=6263, stack(0x00007f1c588f9000,0x00007f1c589fa000)]
  0x00007f1c68010000 JavaThread "main" [_thread_blocked, id=6256, stack(0x00007f1c71d5b000,0x00007f1c71e5c000)]

Other Threads:
=>0x00007f1c6807e000 VMThread [stack: 0x00007f1c589fa000,0x00007f1c58afb000] [id=6262]
  0x00007f1c680dd000 WatcherThread [stack: 0x00007f1c1bdfe000,0x00007f1c1beff000] [id=6279]

VM state:at safepoint (normal execution)

VM Mutex/Monitor currently owned by a thread:  ([mutex/lock_event])
[0x00007f1c6800c460] Threads_lock - owner thread: 0x00007f1c6807e000

Heap:
 PSYoungGen      total 54784K, used 35139K [0x00000000d6e00000, 0x00000000db100000, 0x0000000100000000)
  eden space 44032K, 76% used [0x00000000d6e00000,0x00000000d8eb5218,0x00000000d9900000)
  from space 10752K, 15% used [0x00000000da680000,0x00000000da81ba00,0x00000000db100000)
  to   space 12288K, 0% used [0x00000000d9900000,0x00000000d9900000,0x00000000da500000)
 ParOldGen       total 62976K, used 9921K [0x0000000084a00000, 0x0000000088780000, 0x00000000d6e00000)
  object space 62976K, 15% used [0x0000000084a00000,0x00000000853b0690,0x0000000088780000)
 Metaspace       used 22825K, capacity 23211K, committed 23344K, reserved 1069056K
  class space    used 2716K, capacity 2848K, committed 2944K, reserved 1048576K

Card table byte_map: [0x00007f1c6e013000,0x00007f1c6e3ef000] byte_map_base: 0x00007f1c6dbee000

Marking Bits: (ParMarkBitMap*) 0x00007f1c71237d40
 Begin Bits: [0x00007f1c50250000, 0x00007f1c52128000)
 End Bits:   [0x00007f1c52128000, 0x00007f1c54000000)

Polling page: 0x00007f1c71e7c000

CodeCache: size=245760Kb used=12088Kb max_used=12127Kb free=233672Kb
 bounds [0x00007f1c59000000, 0x00007f1c59bf0000, 0x00007f1c68000000]
 total_blobs=3621 nmethods=3196 adapters=346
 compilation: enabled

Compilation events (10 events):
Event: 89.657 Thread 0x00007f1c680d4800 3482       1       org.testng.internal.MethodInstance::getMethod (5 bytes)
Event: 89.657 Thread 0x00007f1c680d4800 nmethod 3482 0x00007f1c59bbe610 code [0x00007f1c59bbe760, 0x00007f1c59bbe870]
Event: 89.673 Thread 0x00007f1c680d2800 nmethod 3452 0x00007f1c59bc3410 code [0x00007f1c59bc3780, 0x00007f1c59bc55c0]
Event: 89.673 Thread 0x00007f1c680d2800 3483       4       java.util.regex.Matcher::search (109 bytes)
Event: 89.679 Thread 0x00007f1c680d2800 nmethod 3483 0x00007f1c59bbfad0 code [0x00007f1c59bbfc40, 0x00007f1c59bc0098]
Event: 89.679 Thread 0x00007f1c680d2800 3453       4       org.apache.xmlbeans.impl.store.Locale::isFragment (158 bytes)
Event: 89.812 Thread 0x00007f1c680d2800 nmethod 3453 0x00007f1c59bcb410 code [0x00007f1c59bcb780, 0x00007f1c59bcd490]
Event: 89.812 Thread 0x00007f1c680d2800 3459       4       org.apache.xmlbeans.impl.store.Xobj::invalidateUser (66 bytes)
Event: 89.817 Thread 0x00007f1c680d2800 nmethod 3459 0x00007f1c59bbf110 code [0x00007f1c59bbf2a0, 0x00007f1c59bbf6f8]
Event: 90.125 Thread 0x00007f1c680cf800 nmethod 3451 0x00007f1c59bd84d0 code [0x00007f1c59bd8de0, 0x00007f1c59bdfb98]

GC Heap History (10 events):
Event: 5.437 GC heap before
{Heap before GC invocations=3 (full 0):
 PSYoungGen      total 36864K, used 36848K [0x00000000d6e00000, 0x00000000d9700000, 0x0000000100000000)
  eden space 31744K, 100% used [0x00000000d6e00000,0x00000000d8d00000,0x00000000d8d00000)
  from space 5120K, 99% used [0x00000000d9200000,0x00000000d96fc050,0x00000000d9700000)
  to   space 5120K, 0% used [0x00000000d8d00000,0x00000000d8d00000,0x00000000d9200000)
 ParOldGen       total 84992K, used 1659K [0x0000000084a00000, 0x0000000089d00000, 0x00000000d6e00000)
  object space 84992K, 1% used [0x0000000084a00000,0x0000000084b9ec40,0x0000000089d00000)
 Metaspace       used 18781K, capacity 19008K, committed 19328K, reserved 1067008K
  class space    used 2284K, capacity 2398K, committed 2432K, reserved 1048576K
Event: 5.451 GC heap after
Heap after GC invocations=3 (full 0):
 PSYoungGen      total 36864K, used 5099K [0x00000000d6e00000, 0x00000000d9700000, 0x0000000100000000)
  eden space 31744K, 0% used [0x00000000d6e00000,0x00000000d6e00000,0x00000000d8d00000)
  from space 5120K, 99% used [0x00000000d8d00000,0x00000000d91fafc0,0x00000000d9200000)
  to   space 5120K, 0% used [0x00000000d9200000,0x00000000d9200000,0x00000000d9700000)
 ParOldGen       total 84992K, used 6542K [0x0000000084a00000, 0x0000000089d00000, 0x00000000d6e00000)
  object space 84992K, 7% used [0x0000000084a00000,0x0000000085063b60,0x0000000089d00000)
 Metaspace       used 18781K, capacity 19008K, committed 19328K, reserved 1067008K
  class space    used 2284K, capacity 2398K, committed 2432K, reserved 1048576K
}
Event: 5.956 GC heap before
{Heap before GC invocations=4 (full 0):
 PSYoungGen      total 36864K, used 22920K [0x00000000d6e00000, 0x00000000d9700000, 0x0000000100000000)
  eden space 31744K, 56% used [0x00000000d6e00000,0x00000000d7f670f8,0x00000000d8d00000)
  from space 5120K, 99% used [0x00000000d8d00000,0x00000000d91fafc0,0x00000000d9200000)
  to   space 5120K, 0% used [0x00000000d9200000,0x00000000d9200000,0x00000000d9700000)
 ParOldGen       total 84992K, used 6542K [0x0000000084a00000, 0x0000000089d00000, 0x00000000d6e00000)
  object space 84992K, 7% used [0x0000000084a00000,0x0000000085063b60,0x0000000089d00000)
 Metaspace       used 20796K, capacity 21105K, committed 21296K, reserved 1069056K
  class space    used 2569K, capacity 2688K, committed 2688K, reserved 1048576K
Event: 5.966 GC heap after
Heap after GC invocations=4 (full 0):
 PSYoungGen      total 36864K, used 5095K [0x00000000d6e00000, 0x00000000db600000, 0x0000000100000000)
  eden space 31744K, 0% used [0x00000000d6e00000,0x00000000d6e00000,0x00000000d8d00000)
  from space 5120K, 99% used [0x00000000d9200000,0x00000000d96f9d88,0x00000000d9700000)
  to   space 5120K, 0% used [0x00000000d8d00000,0x00000000d8d00000,0x00000000d9200000)
 ParOldGen       total 84992K, used 9800K [0x0000000084a00000, 0x0000000089d00000, 0x00000000d6e00000)
  object space 84992K, 11% used [0x0000000084a00000,0x0000000085392110,0x0000000089d00000)
 Metaspace       used 20796K, capacity 21105K, committed 21296K, reserved 1069056K
  class space    used 2569K, capacity 2688K, committed 2688K, reserved 1048576K
}
Event: 5.966 GC heap before
{Heap before GC invocations=5 (full 1):
 PSYoungGen      total 36864K, used 5095K [0x00000000d6e00000, 0x00000000db600000, 0x0000000100000000)
  eden space 31744K, 0% used [0x00000000d6e00000,0x00000000d6e00000,0x00000000d8d00000)
  from space 5120K, 99% used [0x00000000d9200000,0x00000000d96f9d88,0x00000000d9700000)
  to   space 5120K, 0% used [0x00000000d8d00000,0x00000000d8d00000,0x00000000d9200000)
 ParOldGen       total 84992K, used 9800K [0x0000000084a00000, 0x0000000089d00000, 0x00000000d6e00000)
  object space 84992K, 11% used [0x0000000084a00000,0x0000000085392110,0x0000000089d00000)
 Metaspace       used 20796K, capacity 21105K, committed 21296K, reserved 1069056K
  class space    used 2569K, capacity 2688K, committed 2688K, reserved 1048576K
Event: 6.023 GC heap after
Heap after GC invocations=5 (full 1):
 PSYoungGen      total 36864K, used 0K [0x00000000d6e00000, 0x00000000db600000, 0x0000000100000000)
  eden space 31744K, 0% used [0x00000000d6e00000,0x00000000d6e00000,0x00000000d8d00000)
  from space 5120K, 0% used [0x00000000d9200000,0x00000000d9200000,0x00000000d9700000)
  to   space 5120K, 0% used [0x00000000d8d00000,0x00000000d8d00000,0x00000000d9200000)
 ParOldGen       total 62976K, used 9905K [0x0000000084a00000, 0x0000000088780000, 0x00000000d6e00000)
  object space 62976K, 15% used [0x0000000084a00000,0x00000000853ac690,0x0000000088780000)
 Metaspace       used 20796K, capacity 21105K, committed 21296K, reserved 1069056K
  class space    used 2569K, capacity 2688K, committed 2688K, reserved 1048576K
}
Event: 11.386 GC heap before
{Heap before GC invocations=6 (full 1):
 PSYoungGen      total 36864K, used 31744K [0x00000000d6e00000, 0x00000000db600000, 0x0000000100000000)
  eden space 31744K, 100% used [0x00000000d6e00000,0x00000000d8d00000,0x00000000d8d00000)
  from space 5120K, 0% used [0x00000000d9200000,0x00000000d9200000,0x00000000d9700000)
  to   space 5120K, 0% used [0x00000000d8d00000,0x00000000d8d00000,0x00000000d9200000)
 ParOldGen       total 62976K, used 9905K [0x0000000084a00000, 0x0000000088780000, 0x00000000d6e00000)
  object space 62976K, 15% used [0x0000000084a00000,0x00000000853ac690,0x0000000088780000)
 Metaspace       used 22026K, capacity 22341K, committed 22448K, reserved 1069056K
  class space    used 2694K, capacity 2805K, committed 2816K, reserved 1048576K
Event: 11.391 GC heap after
Heap after GC invocations=6 (full 1):
 PSYoungGen      total 36864K, used 1804K [0x00000000d6e00000, 0x00000000db200000, 0x0000000100000000)
  eden space 31744K, 0% used [0x00000000d6e00000,0x00000000d6e00000,0x00000000d8d00000)
  from space 5120K, 35% used [0x00000000d8d00000,0x00000000d8ec3238,0x00000000d9200000)
  to   space 11776K, 0% used [0x00000000da680000,0x00000000da680000,0x00000000db200000)
 ParOldGen       total 62976K, used 9913K [0x0000000084a00000, 0x0000000088780000, 0x00000000d6e00000)
  object space 62976K, 15% used [0x0000000084a00000,0x00000000853ae690,0x0000000088780000)
 Metaspace       used 22026K, capacity 22341K, committed 22448K, reserved 1069056K
  class space    used 2694K, capacity 2805K, committed 2816K, reserved 1048576K
}
Event: 55.140 GC heap before
{Heap before GC invocations=7 (full 1):
 PSYoungGen      total 36864K, used 33548K [0x00000000d6e00000, 0x00000000db200000, 0x0000000100000000)
  eden space 31744K, 100% used [0x00000000d6e00000,0x00000000d8d00000,0x00000000d8d00000)
  from space 5120K, 35% used [0x00000000d8d00000,0x00000000d8ec3238,0x00000000d9200000)
  to   space 11776K, 0% used [0x00000000da680000,0x00000000da680000,0x00000000db200000)
 ParOldGen       total 62976K, used 9913K [0x0000000084a00000, 0x0000000088780000, 0x00000000d6e00000)
  object space 62976K, 15% used [0x0000000084a00000,0x00000000853ae690,0x0000000088780000)
 Metaspace       used 22532K, capacity 22891K, committed 23088K, reserved 1069056K
  class space    used 2707K, capacity 2838K, committed 2944K, reserved 1048576K
Event: 55.149 GC heap after
Heap after GC invocations=7 (full 1):
 PSYoungGen      total 54784K, used 1646K [0x00000000d6e00000, 0x00000000db100000, 0x0000000100000000)
  eden space 44032K, 0% used [0x00000000d6e00000,0x00000000d6e00000,0x00000000d9900000)
  from space 10752K, 15% used [0x00000000da680000,0x00000000da81ba00,0x00000000db100000)
  to   space 12288K, 0% used [0x00000000d9900000,0x00000000d9900000,0x00000000da500000)
 ParOldGen       total 62976K, used 9921K [0x0000000084a00000, 0x0000000088780000, 0x00000000d6e00000)
  object space 62976K, 15% used [0x0000000084a00000,0x00000000853b0690,0x0000000088780000)
 Metaspace       used 22532K, capacity 22891K, committed 23088K, reserved 1069056K
  class space    used 2707K, capacity 2838K, committed 2944K, reserved 1048576K
}

Deoptimization events (10 events):
Event: 22.145 Thread 0x00007f1c68010000 Uncommon trap: reason=class_check action=maybe_recompile pc=0x00007f1c595038c0 method=java.util.regex.Pattern$7.isSatisfiedBy(I)Z @ 5
Event: 31.443 Thread 0x00007f1c68010000 Uncommon trap: reason=unstable_if action=reinterpret pc=0x00007f1c5980c478 method=org.apache.xmlbeans.impl.store.CharUtil.getString(Ljava/lang/Object;II)Ljava/lang/String; @ 24
Event: 31.443 Thread 0x00007f1c68010000 Uncommon trap: reason=unstable_if action=reinterpret pc=0x00007f1c598058b0 method=org.apache.xmlbeans.impl.store.CharUtil.getString(Ljava/lang/Object;II)Ljava/lang/String; @ 24
Event: 32.538 Thread 0x00007f1c68010000 Uncommon trap: reason=unstable_if action=reinterpret pc=0x00007f1c596b5f6c method=java.util.HashMap$HashIterator.<init>(Ljava/util/HashMap;)V @ 45
Event: 32.540 Thread 0x00007f1c68010000 Uncommon trap: reason=bimorphic action=maybe_recompile pc=0x00007f1c59919a84 method=java.util.regex.Pattern$Curly.match(Ljava/util/regex/Matcher;ILjava/lang/CharSequence;)Z @ 19
Event: 32.540 Thread 0x00007f1c68010000 Uncommon trap: reason=bimorphic action=maybe_recompile pc=0x00007f1c59919a84 method=java.util.regex.Pattern$Curly.match(Ljava/util/regex/Matcher;ILjava/lang/CharSequence;)Z @ 19
Event: 32.540 Thread 0x00007f1c68010000 Uncommon trap: reason=bimorphic action=maybe_recompile pc=0x00007f1c59919a84 method=java.util.regex.Pattern$Curly.match(Ljava/util/regex/Matcher;ILjava/lang/CharSequence;)Z @ 19
Event: 32.540 Thread 0x00007f1c68010000 Uncommon trap: reason=bimorphic action=maybe_recompile pc=0x00007f1c59919a84 method=java.util.regex.Pattern$Curly.match(Ljava/util/regex/Matcher;ILjava/lang/CharSequence;)Z @ 19
Event: 32.542 Thread 0x00007f1c68010000 Uncommon trap: reason=class_check action=maybe_recompile pc=0x00007f1c59424c24 method=java.util.regex.Matcher.search(I)Z @ 86
Event: 89.644 Thread 0x00007f1c68010000 Uncommon trap: reason=class_check action=maybe_recompile pc=0x00007f1c59424c24 method=java.util.regex.Matcher.search(I)Z @ 86

Classes redefined (5 events):
Event: 230.741 Thread 0x00007f1c6807e000 redefined class name=com.inferyx.framework.dataProfiling.rule.DataProfilingRuleActionExecute, count=1
Event: 241.556 Thread 0x00007f1c6807e000 redefined class name=com.inferyx.framework.dataProfiling.rule.DataProfilingRuleActionExecute, count=2
Event: 248.568 Thread 0x00007f1c6807e000 redefined class name=com.inferyx.framework.dataProfiling.rule.DataProfilingRuleActionExecute, count=3
Event: 264.210 Thread 0x00007f1c6807e000 redefined class name=com.inferyx.framework.dataProfiling.rule.DataProfilingRuleActionExecute, count=4
Event: 289.155 Thread 0x00007f1c6807e000 redefined class name=com.inferyx.framework.dataProfiling.rule.DataProfilingRuleActionExecute, count=5

Internal exceptions (10 events):
Event: 137.574 Thread 0x00007f1c68010000 Exception <a 'java/net/SocketTimeoutException': Read timed out> (0x00000000d8d800f0) thrown at [/HUDSON/workspace/8-2-build-linux-amd64/jdk8u191/11894/hotspot/src/share/vm/prims/jni.cpp, line 735]
Event: 140.335 Thread 0x00007f1c68010000 Exception <a 'java/net/SocketTimeoutException': Read timed out> (0x00000000d8d8b0c8) thrown at [/HUDSON/workspace/8-2-build-linux-amd64/jdk8u191/11894/hotspot/src/share/vm/prims/jni.cpp, line 735]
Event: 140.338 Thread 0x00007f1c68010000 Exception <a 'java/net/SocketTimeoutException': Read timed out> (0x00000000d8d8b588) thrown at [/HUDSON/workspace/8-2-build-linux-amd64/jdk8u191/11894/hotspot/src/share/vm/prims/jni.cpp, line 735]
Event: 140.490 Thread 0x00007f1c68010000 Exception <a 'java/net/SocketTimeoutException': Read timed out> (0x00000000d8d98aa0) thrown at [/HUDSON/workspace/8-2-build-linux-amd64/jdk8u191/11894/hotspot/src/share/vm/prims/jni.cpp, line 735]
Event: 141.978 Thread 0x00007f1c68010000 Exception <a 'java/net/SocketTimeoutException': Read timed out> (0x00000000d8da4280) thrown at [/HUDSON/workspace/8-2-build-linux-amd64/jdk8u191/11894/hotspot/src/share/vm/prims/jni.cpp, line 735]
Event: 142.144 Thread 0x00007f1c68010000 Exception <a 'java/net/SocketTimeoutException': Read timed out> (0x00000000d8db1d98) thrown at [/HUDSON/workspace/8-2-build-linux-amd64/jdk8u191/11894/hotspot/src/share/vm/prims/jni.cpp, line 735]
Event: 143.102 Thread 0x00007f1c68010000 Exception <a 'java/net/SocketTimeoutException': Read timed out> (0x00000000d8dbd998) thrown at [/HUDSON/workspace/8-2-build-linux-amd64/jdk8u191/11894/hotspot/src/share/vm/prims/jni.cpp, line 735]
Event: 145.466 Thread 0x00007f1c68010000 Exception <a 'java/net/SocketTimeoutException': Read timed out> (0x00000000d8dcc930) thrown at [/HUDSON/workspace/8-2-build-linux-amd64/jdk8u191/11894/hotspot/src/share/vm/prims/jni.cpp, line 735]
Event: 145.471 Thread 0x00007f1c68010000 Exception <a 'java/net/SocketTimeoutException': Read timed out> (0x00000000d8dccdf0) thrown at [/HUDSON/workspace/8-2-build-linux-amd64/jdk8u191/11894/hotspot/src/share/vm/prims/jni.cpp, line 735]
Event: 145.594 Thread 0x00007f1c68010000 Exception <a 'java/net/SocketTimeoutException': Read timed out> (0x00000000d8dda2e0) thrown at [/HUDSON/workspace/8-2-build-linux-amd64/jdk8u191/11894/hotspot/src/share/vm/prims/jni.cpp, line 735]

Events (10 events):
Event: 289.156 Executing VM operation: RedefineClasses done
Event: 289.165 Executing VM operation: ChangeBreakpoints
Event: 289.167 Executing VM operation: ChangeBreakpoints done
Event: 289.198 Executing VM operation: ChangeBreakpoints
Event: 289.200 Executing VM operation: ChangeBreakpoints done
Event: 289.338 Executing VM operation: GetOwnedMonitorInfo
Event: 289.338 Executing VM operation: GetOwnedMonitorInfo done
Event: 289.339 Executing VM operation: GetCurrentContendedMonitor
Event: 289.339 Executing VM operation: GetCurrentContendedMonitor done
Event: 289.350 Executing VM operation: GetOrSetLocal


Dynamic libraries:
00400000-00401000 r-xp 00000000 08:04 6688054                            /usr/lib/jvm/java-8-oracle/bin/java
00600000-00601000 r--p 00000000 08:04 6688054                            /usr/lib/jvm/java-8-oracle/bin/java
00601000-00602000 rw-p 00001000 08:04 6688054                            /usr/lib/jvm/java-8-oracle/bin/java
00eef000-00f10000 rw-p 00000000 00:00 0                                  [heap]
84a00000-88780000 rw-p 00000000 00:00 0 
88780000-d6e00000 ---p 00000000 00:00 0 
d6e00000-db100000 rw-p 00000000 00:00 0 
db100000-100000000 ---p 00000000 00:00 0 
100000000-1002e0000 rw-p 00000000 00:00 0 
1002e0000-140000000 ---p 00000000 00:00 0 
7f1bf4000000-7f1bf4021000 rw-p 00000000 00:00 0 
7f1bf4021000-7f1bf8000000 ---p 00000000 00:00 0 
7f1bf8000000-7f1bf8021000 rw-p 00000000 00:00 0 
7f1bf8021000-7f1bfc000000 ---p 00000000 00:00 0 
7f1bfc000000-7f1bfc021000 rw-p 00000000 00:00 0 
7f1bfc021000-7f1c00000000 ---p 00000000 00:00 0 
7f1c00000000-7f1c00021000 rw-p 00000000 00:00 0 
7f1c00021000-7f1c04000000 ---p 00000000 00:00 0 
7f1c04000000-7f1c04021000 rw-p 00000000 00:00 0 
7f1c04021000-7f1c08000000 ---p 00000000 00:00 0 
7f1c08000000-7f1c08021000 rw-p 00000000 00:00 0 
7f1c08021000-7f1c0c000000 ---p 00000000 00:00 0 
7f1c0c000000-7f1c0c021000 rw-p 00000000 00:00 0 
7f1c0c021000-7f1c10000000 ---p 00000000 00:00 0 
7f1c10000000-7f1c10021000 rw-p 00000000 00:00 0 
7f1c10021000-7f1c14000000 ---p 00000000 00:00 0 
7f1c14000000-7f1c14021000 rw-p 00000000 00:00 0 
7f1c14021000-7f1c18000000 ---p 00000000 00:00 0 
7f1c19f1a000-7f1c1a106000 rw-p 00000000 00:00 0 
7f1c1a106000-7f1c1a11a000 ---p 00000000 00:00 0 
7f1c1a11a000-7f1c1a31a000 rw-p 00000000 00:00 0 
7f1c1a31a000-7f1c1a51a000 rw-p 00000000 00:00 0 
7f1c1a51a000-7f1c1a51d000 ---p 00000000 00:00 0 
7f1c1a51d000-7f1c1a61b000 rw-p 00000000 00:00 0 
7f1c1a61b000-7f1c1a61e000 ---p 00000000 00:00 0 
7f1c1a61e000-7f1c1a71c000 rw-p 00000000 00:00 0 
7f1c1a71c000-7f1c1a71f000 ---p 00000000 00:00 0 
7f1c1a71f000-7f1c1a81d000 rw-p 00000000 00:00 0 
7f1c1a81d000-7f1c1a820000 ---p 00000000 00:00 0 
7f1c1a820000-7f1c1a856000 rw-p 00000000 00:00 0 
7f1c1a856000-7f1c1a872000 r--s 00393000 08:04 6696336                    /usr/lib/jvm/java-8-oracle/jre/lib/ext/cldrdata.jar
7f1c1a872000-7f1c1aa72000 rw-p 00000000 00:00 0 
7f1c1aa72000-7f1c1aa75000 ---p 00000000 00:00 0 
7f1c1aa75000-7f1c1ab73000 rw-p 00000000 00:00 0 
7f1c1ab73000-7f1c1ab76000 ---p 00000000 00:00 0 
7f1c1ab76000-7f1c1ae74000 rw-p 00000000 00:00 0 
7f1c1ae74000-7f1c1ae8a000 r-xp 00000000 08:04 528897                     /lib/x86_64-linux-gnu/libgcc_s.so.1
7f1c1ae8a000-7f1c1b089000 ---p 00016000 08:04 528897                     /lib/x86_64-linux-gnu/libgcc_s.so.1
7f1c1b089000-7f1c1b08a000 rw-p 00015000 08:04 528897                     /lib/x86_64-linux-gnu/libgcc_s.so.1
7f1c1b09c000-7f1c1b0a6000 r--s 00116000 08:04 6696343                    /usr/lib/jvm/java-8-oracle/jre/lib/ext/localedata.jar
7f1c1b0a6000-7f1c1b0de000 r-xp 00000000 08:04 6696443                    /usr/lib/jvm/java-8-oracle/jre/lib/amd64/libsunec.so
7f1c1b0de000-7f1c1b2dd000 ---p 00038000 08:04 6696443                    /usr/lib/jvm/java-8-oracle/jre/lib/amd64/libsunec.so
7f1c1b2dd000-7f1c1b2e2000 r--p 00037000 08:04 6696443                    /usr/lib/jvm/java-8-oracle/jre/lib/amd64/libsunec.so
7f1c1b2e2000-7f1c1b2e4000 rw-p 0003c000 08:04 6696443                    /usr/lib/jvm/java-8-oracle/jre/lib/amd64/libsunec.so
7f1c1b2e4000-7f1c1b2f5000 r-xp 00000000 08:04 6696495                    /usr/lib/jvm/java-8-oracle/jre/lib/amd64/libnio.so
7f1c1b2f5000-7f1c1b4f4000 ---p 00011000 08:04 6696495                    /usr/lib/jvm/java-8-oracle/jre/lib/amd64/libnio.so
7f1c1b4f4000-7f1c1b4f5000 r--p 00010000 08:04 6696495                    /usr/lib/jvm/java-8-oracle/jre/lib/amd64/libnio.so
7f1c1b4f5000-7f1c1b4f6000 rw-p 00011000 08:04 6696495                    /usr/lib/jvm/java-8-oracle/jre/lib/amd64/libnio.so
7f1c1b4f6000-7f1c1b4f8000 r--s 00009000 08:04 6696334                    /usr/lib/jvm/java-8-oracle/jre/lib/ext/sunec.jar
7f1c1b4f8000-7f1c1b4fc000 r--s 0003a000 08:04 6696341                    /usr/lib/jvm/java-8-oracle/jre/lib/ext/sunpkcs11.jar
7f1c1b4fc000-7f1c1b4ff000 r--s 0001a000 08:04 6696508                    /usr/lib/jvm/java-8-oracle/jre/lib/jce.jar
7f1c1b4ff000-7f1c1b6ff000 rw-p 00000000 00:00 0 
7f1c1b6ff000-7f1c1b704000 r--s 000a0000 08:04 6696332                    /usr/lib/jvm/java-8-oracle/jre/lib/jsse.jar
7f1c1b704000-7f1c1b707000 ---p 00000000 00:00 0 
7f1c1b707000-7f1c1bb06000 rw-p 00000000 00:00 0 
7f1c1bb06000-7f1c1bb1c000 r-xp 00000000 08:04 6696492                    /usr/lib/jvm/java-8-oracle/jre/lib/amd64/libnet.so
7f1c1bb1c000-7f1c1bd1b000 ---p 00016000 08:04 6696492                    /usr/lib/jvm/java-8-oracle/jre/lib/amd64/libnet.so
7f1c1bd1b000-7f1c1bd1c000 r--p 00015000 08:04 6696492                    /usr/lib/jvm/java-8-oracle/jre/lib/amd64/libnet.so
7f1c1bd1c000-7f1c1bd1d000 rw-p 00016000 08:04 6696492                    /usr/lib/jvm/java-8-oracle/jre/lib/amd64/libnet.so
7f1c1bd1d000-7f1c1bd1f000 r--s 00000000 08:04 1839945                    /home/ubuntu/.m2/repository/org/codehaus/plexus/plexus-component-annotations/1.5.5/plexus-component-annotations-1.5.5.jar
7f1c1bd1f000-7f1c1bd23000 r--s 00035000 08:04 12455102                   /home/ubuntu/.m2/repository/org/codehaus/plexus/plexus-utils/3.0.8/plexus-utils-3.0.8.jar
7f1c1bd23000-7f1c1bd28000 r--s 00016000 08:04 134493                     /home/ubuntu/.m2/repository/xml-apis/xml-apis/1.0.b2/xml-apis-1.0.b2.jar
7f1c1bd28000-7f1c1bd2d000 r--s 00048000 08:04 134491                     /home/ubuntu/.m2/repository/dom4j/dom4j/1.6.1/dom4j-1.6.1.jar
7f1c1bd2d000-7f1c1bd6a000 r--s 0024f000 08:04 134489                     /home/ubuntu/.m2/repository/org/apache/xmlbeans/xmlbeans/2.3.0/xmlbeans-2.3.0.jar
7f1c1bd6a000-7f1c1bdfe000 r--s 00401000 08:04 134487                     /home/ubuntu/.m2/repository/org/apache/poi/poi-ooxml-schemas/3.9/poi-ooxml-schemas-3.9.jar
7f1c1bdfe000-7f1c1bdff000 ---p 00000000 00:00 0 
7f1c1bdff000-7f1c1beff000 rw-p 00000000 00:00 0 
7f1c1beff000-7f1c1bf02000 ---p 00000000 00:00 0 
7f1c1bf02000-7f1c1c000000 rw-p 00000000 00:00 0 
7f1c1c000000-7f1c1cbb3000 rw-p 00000000 00:00 0 
7f1c1cbb3000-7f1c20000000 ---p 00000000 00:00 0 
7f1c20000000-7f1c20b57000 rw-p 00000000 00:00 0 
7f1c20b57000-7f1c24000000 ---p 00000000 00:00 0 
7f1c24000000-7f1c24021000 rw-p 00000000 00:00 0 
7f1c24021000-7f1c28000000 ---p 00000000 00:00 0 
7f1c28000000-7f1c28cf7000 rw-p 00000000 00:00 0 
7f1c28cf7000-7f1c2c000000 ---p 00000000 00:00 0 
7f1c2c000000-7f1c2c027000 rw-p 00000000 00:00 0 
7f1c2c027000-7f1c30000000 ---p 00000000 00:00 0 
7f1c30000000-7f1c30021000 rw-p 00000000 00:00 0 
7f1c30021000-7f1c34000000 ---p 00000000 00:00 0 
7f1c34000000-7f1c34021000 rw-p 00000000 00:00 0 
7f1c34021000-7f1c38000000 ---p 00000000 00:00 0 
7f1c38000000-7f1c38021000 rw-p 00000000 00:00 0 
7f1c38021000-7f1c3c000000 ---p 00000000 00:00 0 
7f1c3c000000-7f1c3c2a6000 rw-p 00000000 00:00 0 
7f1c3c2a6000-7f1c40000000 ---p 00000000 00:00 0 
7f1c40000000-7f1c40021000 rw-p 00000000 00:00 0 
7f1c40021000-7f1c44000000 ---p 00000000 00:00 0 
7f1c44000000-7f1c44021000 rw-p 00000000 00:00 0 
7f1c44021000-7f1c48000000 ---p 00000000 00:00 0 
7f1c48000000-7f1c48021000 rw-p 00000000 00:00 0 
7f1c48021000-7f1c4c000000 ---p 00000000 00:00 0 
7f1c4c000000-7f1c4c021000 rw-p 00000000 00:00 0 
7f1c4c021000-7f1c50000000 ---p 00000000 00:00 0 
7f1c50000000-7f1c50002000 r--s 00006000 08:04 1456639                    /home/ubuntu/.m2/repository/org/apache/maven/shared/maven-invoker/2.1.1/maven-invoker-2.1.1.jar
7f1c50002000-7f1c50004000 r--s 00005000 08:04 12585264                   /home/ubuntu/.m2/repository/stax/stax-api/1.0.1/stax-api-1.0.1.jar
7f1c50004000-7f1c50010000 r--s 000d9000 08:04 134485                     /home/ubuntu/.m2/repository/org/apache/poi/poi-ooxml/3.9/poi-ooxml-3.9.jar
7f1c50010000-7f1c50012000 r--s 00010000 08:04 12456983                   /home/ubuntu/.m2/repository/commons-codec/commons-codec/1.5/commons-codec-1.5.jar
7f1c50012000-7f1c50032000 r--s 001a9000 08:04 134483                     /home/ubuntu/.m2/repository/org/apache/poi/poi/3.9/poi-3.9.jar
7f1c50032000-7f1c5003a000 r--s 00045000 08:04 12332074                   /home/ubuntu/.m2/repository/junit/junit/4.12/junit-4.12.jar
7f1c5003a000-7f1c5003c000 r--s 00009000 08:04 12320774                   /home/ubuntu/.m2/repository/org/hamcrest/hamcrest-core/1.3/hamcrest-core-1.3.jar
7f1c5003c000-7f1c5003d000 r--s 0000c000 08:04 3540342                    /home/ubuntu/.m2/repository/org/hamcrest/hamcrest-library/1.3/hamcrest-library-1.3.jar
7f1c5003d000-7f1c5004e000 r--s 00155000 08:04 535847                     /home/ubuntu/.m2/repository/net/java/dev/jna/jna-platform/4.1.0/jna-platform-4.1.0.jar
7f1c5004e000-7f1c50051000 ---p 00000000 00:00 0 
7f1c50051000-7f1c5014f000 rw-p 00000000 00:00 0 
7f1c5014f000-7f1c50152000 ---p 00000000 00:00 0 
7f1c50152000-7f1c54000000 rw-p 00000000 00:00 0 
7f1c54000000-7f1c54021000 rw-p 00000000 00:00 0 
7f1c54021000-7f1c58000000 ---p 00000000 00:00 0 
7f1c58000000-7f1c58005000 r--s 00025000 08:04 658123                     /home/ubuntu/.m2/repository/org/seleniumhq/selenium/selenium-support/3.2.0/selenium-support-3.2.0.jar
7f1c58005000-7f1c58009000 r--s 000dc000 08:04 1704010                    /home/ubuntu/.m2/repository/net/java/dev/jna/jna/4.1.0/jna-4.1.0.jar
7f1c58009000-7f1c5800b000 r--s 0000e000 08:04 12586851                   /home/ubuntu/.m2/repository/commons-logging/commons-logging/1.2/commons-logging-1.2.jar
7f1c5800b000-7f1c58012000 r--s 00049000 08:04 12598114                   /home/ubuntu/.m2/repository/org/apache/httpcomponents/httpcore/4.4.4/httpcore-4.4.4.jar
7f1c58012000-7f1c5801f000 r--s 000a7000 08:04 12585288                   /home/ubuntu/.m2/repository/org/apache/httpcomponents/httpclient/4.5.2/httpclient-4.5.2.jar
7f1c5801f000-7f1c5804e000 r--s 00239000 08:04 536108                     /home/ubuntu/.m2/repository/com/google/guava/guava/21.0/guava-21.0.jar
7f1c5804e000-7f1c58053000 r--s 0002f000 08:04 536118                     /home/ubuntu/.m2/repository/com/google/code/gson/gson/2.3.1/gson-2.3.1.jar
7f1c58053000-7f1c58055000 r--s 0000c000 08:04 535829                     /home/ubuntu/.m2/repository/org/apache/commons/commons-exec/1.3/commons-exec-1.3.jar
7f1c58055000-7f1c5805c000 r--s 0004f000 08:04 535827                     /home/ubuntu/.m2/repository/cglib/cglib-nodep/3.2.4/cglib-nodep-3.2.4.jar
7f1c5805c000-7f1c58062000 r--s 00045000 08:04 536114                     /home/ubuntu/.m2/repository/org/seleniumhq/selenium/selenium-remote-driver/3.2.0/selenium-remote-driver-3.2.0.jar
7f1c58062000-7f1c58067000 r--s 00015000 08:04 536116                     /home/ubuntu/.m2/repository/org/seleniumhq/selenium/selenium-api/3.2.0/selenium-api-3.2.0.jar
7f1c58067000-7f1c58069000 r--s 000c0000 08:04 536122                     /home/ubuntu/.m2/repository/org/seleniumhq/selenium/selenium-firefox-driver/3.2.0/selenium-firefox-driver-3.2.0.jar
7f1c58069000-7f1c5806f000 r--s 0003c000 08:04 1194745                    /home/ubuntu/.m2/repository/org/yaml/snakeyaml/1.15/snakeyaml-1.15.jar
7f1c5806f000-7f1c58072000 r--s 00015000 08:04 12454710                   /home/ubuntu/.m2/repository/javax/servlet/javax.servlet-api/3.1.0/javax.servlet-api-3.1.0.jar
7f1c58072000-7f1c5808c000 r--s 0018e000 08:04 1194743                    /home/ubuntu/.m2/repository/org/seleniumhq/selenium/jetty-repacked/9.4.1.v20170120/jetty-repacked-9.4.1.v20170120.jar
7f1c5808c000-7f1c5808d000 r--s 00000000 08:04 3679088                    /home/ubuntu/.m2/repository/net/jcip/jcip-annotations/1.0/jcip-annotations-1.0.jar
7f1c5808d000-7f1c58097000 r--s 00070000 08:04 658121                     /home/ubuntu/.m2/repository/org/seleniumhq/selenium/selenium-server/3.2.0/selenium-server-3.2.0.jar
7f1c58097000-7f1c58099000 r--s 00009000 08:04 658119                     /home/ubuntu/.m2/repository/org/eclipse/jetty/websocket/websocket-api/9.2.20.v20161216/websocket-api-9.2.20.v20161216.jar
7f1c58099000-7f1c5809e000 r--s 00028000 08:04 658117                     /home/ubuntu/.m2/repository/org/eclipse/jetty/websocket/websocket-common/9.2.20.v20161216/websocket-common-9.2.20.v20161216.jar
7f1c5809e000-7f1c580a1000 r--s 00018000 08:04 658115                     /home/ubuntu/.m2/repository/org/eclipse/jetty/jetty-io/9.2.20.v20161216/jetty-io-9.2.20.v20161216.jar
7f1c580a1000-7f1c580a8000 r--s 00056000 08:04 658113                     /home/ubuntu/.m2/repository/org/eclipse/jetty/jetty-util/9.2.20.v20161216/jetty-util-9.2.20.v20161216.jar
7f1c580a8000-7f1c580a9000 r--s 00008000 08:04 658111                     /home/ubuntu/.m2/repository/org/eclipse/jetty/websocket/websocket-client/9.2.20.v20161216/websocket-client-9.2.20.v20161216.jar
7f1c580a9000-7f1c580ad000 r--s 0002f000 08:04 535407                     /home/ubuntu/.m2/repository/commons-io/commons-io/2.5/commons-io-2.5.jar
7f1c580ad000-7f1c580b0000 r--s 0005a000 08:04 658109                     /home/ubuntu/.m2/repository/net/sourceforge/cssparser/cssparser/0.9.21/cssparser-0.9.21.jar
7f1c580b0000-7f1c580c9000 r--s 00135000 08:04 536134                     /home/ubuntu/.m2/repository/xerces/xercesImpl/2.11.0/xercesImpl-2.11.0.jar
7f1c580c9000-7f1c580ee000 r--s 002de000 08:04 535863                     /home/ubuntu/.m2/repository/xalan/xalan/2.7.2/xalan-2.7.2.jar
7f1c580ee000-7f1c580f1000 ---p 00000000 00:00 0 
7f1c580f1000-7f1c581ef000 rw-p 00000000 00:00 0 
7f1c581ef000-7f1c581f2000 ---p 00000000 00:00 0 
7f1c581f2000-7f1c582f0000 rw-p 00000000 00:00 0 
7f1c582f0000-7f1c582f3000 ---p 00000000 00:00 0 
7f1c582f3000-7f1c583f1000 rw-p 00000000 00:00 0 
7f1c583f1000-7f1c583f4000 ---p 00000000 00:00 0 
7f1c583f4000-7f1c584f2000 rw-p 00000000 00:00 0 
7f1c584f2000-7f1c584f6000 r-xp 00000000 08:04 6696455                    /usr/lib/jvm/java-8-oracle/jre/lib/amd64/libdt_socket.so
7f1c584f6000-7f1c586f5000 ---p 00004000 08:04 6696455                    /usr/lib/jvm/java-8-oracle/jre/lib/amd64/libdt_socket.so
7f1c586f5000-7f1c586f6000 r--p 00003000 08:04 6696455                    /usr/lib/jvm/java-8-oracle/jre/lib/amd64/libdt_socket.so
7f1c586f6000-7f1c586f7000 rw-p 00004000 08:04 6696455                    /usr/lib/jvm/java-8-oracle/jre/lib/amd64/libdt_socket.so
7f1c586f7000-7f1c586fa000 ---p 00000000 00:00 0 
7f1c586fa000-7f1c587f8000 rw-p 00000000 00:00 0 
7f1c587f8000-7f1c587fb000 ---p 00000000 00:00 0 
7f1c587fb000-7f1c588f9000 rw-p 00000000 00:00 0 
7f1c588f9000-7f1c588fc000 ---p 00000000 00:00 0 
7f1c588fc000-7f1c589fa000 rw-p 00000000 00:00 0 
7f1c589fa000-7f1c589fb000 ---p 00000000 00:00 0 
7f1c589fb000-7f1c59000000 rw-p 00000000 00:00 0 
7f1c59000000-7f1c59bf0000 rwxp 00000000 00:00 0 
7f1c59bf0000-7f1c68000000 ---p 00000000 00:00 0 
7f1c68000000-7f1c68eab000 rw-p 00000000 00:00 0 
7f1c68eab000-7f1c6c000000 ---p 00000000 00:00 0 
7f1c6c000000-7f1c6c001000 r--s 00003000 08:04 535831                     /home/ubuntu/.m2/repository/org/w3c/css/sac/1.3/sac-1.3.jar
7f1c6c001000-7f1c6c004000 r--s 0001c000 08:04 658107                     /home/ubuntu/.m2/repository/net/sourceforge/htmlunit/neko-htmlunit/2.24/neko-htmlunit-2.24.jar
7f1c6c004000-7f1c6c013000 r--s 0011b000 08:04 658105                     /home/ubuntu/.m2/repository/net/sourceforge/htmlunit/htmlunit-core-js/2.23/htmlunit-core-js-2.23.jar
7f1c6c013000-7f1c6c015000 r--s 00009000 08:04 536132                     /home/ubuntu/.m2/repository/org/apache/httpcomponents/httpmime/4.5.2/httpmime-4.5.2.jar
7f1c6c015000-7f1c6c01d000 r--s 0006e000 08:04 12454502                   /home/ubuntu/.m2/repository/org/apache/commons/commons-lang3/3.5/commons-lang3-3.5.jar
7f1c6c01d000-7f1c6c021000 r--s 00040000 08:04 535861                     /home/ubuntu/.m2/repository/xalan/serializer/2.7.2/serializer-2.7.2.jar
7f1c6c021000-7f1c6c047000 r--s 001aa000 08:04 658103                     /home/ubuntu/.m2/repository/net/sourceforge/htmlunit/htmlunit/2.24/htmlunit-2.24.jar
7f1c6c047000-7f1c6c049000 r--s 0000e000 08:04 536130                     /home/ubuntu/.m2/repository/org/seleniumhq/selenium/htmlunit-driver/2.24/htmlunit-driver-2.24.jar
7f1c6c049000-7f1c6c04a000 r--s 00002000 08:04 535849                     /home/ubuntu/.m2/repository/com/codeborne/phantomjsdriver/1.4.0/phantomjsdriver-1.4.0.jar
7f1c6c04a000-7f1c6c04b000 r--s 00001000 08:04 536128                     /home/ubuntu/.m2/repository/org/seleniumhq/selenium/selenium-safari-driver/3.2.0/selenium-safari-driver-3.2.0.jar
7f1c6c04b000-7f1c6c04c000 r--s 00001000 08:04 536126                     /home/ubuntu/.m2/repository/org/seleniumhq/selenium/selenium-opera-driver/3.2.0/selenium-opera-driver-3.2.0.jar
7f1c6c04c000-7f1c6c04d000 r--s 00002000 08:04 536124                     /home/ubuntu/.m2/repository/org/seleniumhq/selenium/selenium-ie-driver/3.2.0/selenium-ie-driver-3.2.0.jar
7f1c6c04d000-7f1c6c062000 r--s 000b9000 08:04 658221                     /home/ubuntu/.m2/repository/org/testng/testng/6.14.3/testng-6.14.3.jar
7f1c6c062000-7f1c6c075000 r--s 00345000 08:04 6696313                    /usr/lib/jvm/java-8-oracle/jre/lib/resources.jar
7f1c6c075000-7f1c6cb52000 rw-p 00000000 00:00 0 
7f1c6cb52000-7f1c6cd2c000 r--s 03d6c000 08:04 6696275                    /usr/lib/jvm/java-8-oracle/jre/lib/rt.jar
7f1c6cd2c000-7f1c6d97d000 rw-p 00000000 00:00 0 
7f1c6d97d000-7f1c6d97e000 ---p 00000000 00:00 0 
7f1c6d97e000-7f1c6da7e000 rw-p 00000000 00:00 0 
7f1c6da7e000-7f1c6da7f000 ---p 00000000 00:00 0 
7f1c6da7f000-7f1c6db7f000 rw-p 00000000 00:00 0 
7f1c6db7f000-7f1c6db80000 ---p 00000000 00:00 0 
7f1c6db80000-7f1c6dc80000 rw-p 00000000 00:00 0 
7f1c6dc80000-7f1c6dc81000 ---p 00000000 00:00 0 
7f1c6dc81000-7f1c6dda0000 rw-p 00000000 00:00 0 
7f1c6dda0000-7f1c6e013000 ---p 00000000 00:00 0 
7f1c6e013000-7f1c6e032000 rw-p 00000000 00:00 0 
7f1c6e032000-7f1c6e2a5000 ---p 00000000 00:00 0 
7f1c6e2a5000-7f1c6e2c7000 rw-p 00000000 00:00 0 
7f1c6e2c7000-7f1c6e3ee000 ---p 00000000 00:00 0 
7f1c6e3ee000-7f1c6e41f000 rw-p 00000000 00:00 0 
7f1c6e41f000-7f1c6e7af000 ---p 00000000 00:00 0 
7f1c6e7af000-7f1c6e7c9000 r-xp 00000000 08:04 6696488                    /usr/lib/jvm/java-8-oracle/jre/lib/amd64/libzip.so
7f1c6e7c9000-7f1c6e9c9000 ---p 0001a000 08:04 6696488                    /usr/lib/jvm/java-8-oracle/jre/lib/amd64/libzip.so
7f1c6e9c9000-7f1c6e9ca000 r--p 0001a000 08:04 6696488                    /usr/lib/jvm/java-8-oracle/jre/lib/amd64/libzip.so
7f1c6e9ca000-7f1c6e9cb000 rw-p 0001b000 08:04 6696488                    /usr/lib/jvm/java-8-oracle/jre/lib/amd64/libzip.so
7f1c6e9cb000-7f1c6e9d6000 r-xp 00000000 08:04 524384                     /lib/x86_64-linux-gnu/libnss_files-2.23.so
7f1c6e9d6000-7f1c6ebd5000 ---p 0000b000 08:04 524384                     /lib/x86_64-linux-gnu/libnss_files-2.23.so
7f1c6ebd5000-7f1c6ebd6000 r--p 0000a000 08:04 524384                     /lib/x86_64-linux-gnu/libnss_files-2.23.so
7f1c6ebd6000-7f1c6ebd7000 rw-p 0000b000 08:04 524384                     /lib/x86_64-linux-gnu/libnss_files-2.23.so
7f1c6ebd7000-7f1c6ebdd000 rw-p 00000000 00:00 0 
7f1c6ebdd000-7f1c6ebe8000 r-xp 00000000 08:04 528748                     /lib/x86_64-linux-gnu/libnss_nis-2.23.so
7f1c6ebe8000-7f1c6ede7000 ---p 0000b000 08:04 528748                     /lib/x86_64-linux-gnu/libnss_nis-2.23.so
7f1c6ede7000-7f1c6ede8000 r--p 0000a000 08:04 528748                     /lib/x86_64-linux-gnu/libnss_nis-2.23.so
7f1c6ede8000-7f1c6ede9000 rw-p 0000b000 08:04 528748                     /lib/x86_64-linux-gnu/libnss_nis-2.23.so
7f1c6ede9000-7f1c6edff000 r-xp 00000000 08:04 524302                     /lib/x86_64-linux-gnu/libnsl-2.23.so
7f1c6edff000-7f1c6effe000 ---p 00016000 08:04 524302                     /lib/x86_64-linux-gnu/libnsl-2.23.so
7f1c6effe000-7f1c6efff000 r--p 00015000 08:04 524302                     /lib/x86_64-linux-gnu/libnsl-2.23.so
7f1c6efff000-7f1c6f000000 rw-p 00016000 08:04 524302                     /lib/x86_64-linux-gnu/libnsl-2.23.so
7f1c6f000000-7f1c6f002000 rw-p 00000000 00:00 0 
7f1c6f002000-7f1c6f00a000 r-xp 00000000 08:04 524379                     /lib/x86_64-linux-gnu/libnss_compat-2.23.so
7f1c6f00a000-7f1c6f209000 ---p 00008000 08:04 524379                     /lib/x86_64-linux-gnu/libnss_compat-2.23.so
7f1c6f209000-7f1c6f20a000 r--p 00007000 08:04 524379                     /lib/x86_64-linux-gnu/libnss_compat-2.23.so
7f1c6f20a000-7f1c6f20b000 rw-p 00008000 08:04 524379                     /lib/x86_64-linux-gnu/libnss_compat-2.23.so
7f1c6f20b000-7f1c6f4e3000 r--p 00000000 08:04 6692109                    /usr/lib/locale/locale-archive
7f1c6f4e3000-7f1c6f4e5000 r-xp 00000000 08:04 6696457                    /usr/lib/jvm/java-8-oracle/jre/lib/amd64/libnpt.so
7f1c6f4e5000-7f1c6f6e5000 ---p 00002000 08:04 6696457                    /usr/lib/jvm/java-8-oracle/jre/lib/amd64/libnpt.so
7f1c6f6e5000-7f1c6f6e6000 r--p 00002000 08:04 6696457                    /usr/lib/jvm/java-8-oracle/jre/lib/amd64/libnpt.so
7f1c6f6e6000-7f1c6f6e7000 rw-p 00003000 08:04 6696457                    /usr/lib/jvm/java-8-oracle/jre/lib/amd64/libnpt.so
7f1c6f6e7000-7f1c6f721000 r-xp 00000000 08:04 6696475                    /usr/lib/jvm/java-8-oracle/jre/lib/amd64/libjdwp.so
7f1c6f721000-7f1c6f920000 ---p 0003a000 08:04 6696475                    /usr/lib/jvm/java-8-oracle/jre/lib/amd64/libjdwp.so
7f1c6f920000-7f1c6f921000 r--p 00039000 08:04 6696475                    /usr/lib/jvm/java-8-oracle/jre/lib/amd64/libjdwp.so
7f1c6f921000-7f1c6f922000 rw-p 0003a000 08:04 6696475                    /usr/lib/jvm/java-8-oracle/jre/lib/amd64/libjdwp.so
7f1c6f922000-7f1c6f94f000 r-xp 00000000 08:04 6696482                    /usr/lib/jvm/java-8-oracle/jre/lib/amd64/libjava.so
7f1c6f94f000-7f1c6fb4e000 ---p 0002d000 08:04 6696482                    /usr/lib/jvm/java-8-oracle/jre/lib/amd64/libjava.so
7f1c6fb4e000-7f1c6fb4f000 r--p 0002c000 08:04 6696482                    /usr/lib/jvm/java-8-oracle/jre/lib/amd64/libjava.so
7f1c6fb4f000-7f1c6fb51000 rw-p 0002d000 08:04 6696482                    /usr/lib/jvm/java-8-oracle/jre/lib/amd64/libjava.so
7f1c6fb51000-7f1c6fb5e000 r-xp 00000000 08:04 6696487                    /usr/lib/jvm/java-8-oracle/jre/lib/amd64/libverify.so
7f1c6fb5e000-7f1c6fd5d000 ---p 0000d000 08:04 6696487                    /usr/lib/jvm/java-8-oracle/jre/lib/amd64/libverify.so
7f1c6fd5d000-7f1c6fd5f000 r--p 0000c000 08:04 6696487                    /usr/lib/jvm/java-8-oracle/jre/lib/amd64/libverify.so
7f1c6fd5f000-7f1c6fd60000 rw-p 0000e000 08:04 6696487                    /usr/lib/jvm/java-8-oracle/jre/lib/amd64/libverify.so
7f1c6fd60000-7f1c6fd67000 r-xp 00000000 08:04 528749                     /lib/x86_64-linux-gnu/librt-2.23.so
7f1c6fd67000-7f1c6ff66000 ---p 00007000 08:04 528749                     /lib/x86_64-linux-gnu/librt-2.23.so
7f1c6ff66000-7f1c6ff67000 r--p 00006000 08:04 528749                     /lib/x86_64-linux-gnu/librt-2.23.so
7f1c6ff67000-7f1c6ff68000 rw-p 00007000 08:04 528749                     /lib/x86_64-linux-gnu/librt-2.23.so
7f1c6ff68000-7f1c70070000 r-xp 00000000 08:04 524293                     /lib/x86_64-linux-gnu/libm-2.23.so
7f1c70070000-7f1c7026f000 ---p 00108000 08:04 524293                     /lib/x86_64-linux-gnu/libm-2.23.so
7f1c7026f000-7f1c70270000 r--p 00107000 08:04 524293                     /lib/x86_64-linux-gnu/libm-2.23.so
7f1c70270000-7f1c70271000 rw-p 00108000 08:04 524293                     /lib/x86_64-linux-gnu/libm-2.23.so
7f1c70271000-7f1c70f53000 r-xp 00000000 08:04 6696464                    /usr/lib/jvm/java-8-oracle/jre/lib/amd64/server/libjvm.so
7f1c70f53000-7f1c71153000 ---p 00ce2000 08:04 6696464                    /usr/lib/jvm/java-8-oracle/jre/lib/amd64/server/libjvm.so
7f1c71153000-7f1c711e9000 r--p 00ce2000 08:04 6696464                    /usr/lib/jvm/java-8-oracle/jre/lib/amd64/server/libjvm.so
7f1c711e9000-7f1c7121a000 rw-p 00d78000 08:04 6696464                    /usr/lib/jvm/java-8-oracle/jre/lib/amd64/server/libjvm.so
7f1c7121a000-7f1c71255000 rw-p 00000000 00:00 0 
7f1c71255000-7f1c71415000 r-xp 00000000 08:04 524371                     /lib/x86_64-linux-gnu/libc-2.23.so
7f1c71415000-7f1c71615000 ---p 001c0000 08:04 524371                     /lib/x86_64-linux-gnu/libc-2.23.so
7f1c71615000-7f1c71619000 r--p 001c0000 08:04 524371                     /lib/x86_64-linux-gnu/libc-2.23.so
7f1c71619000-7f1c7161b000 rw-p 001c4000 08:04 524371                     /lib/x86_64-linux-gnu/libc-2.23.so
7f1c7161b000-7f1c7161f000 rw-p 00000000 00:00 0 
7f1c7161f000-7f1c71622000 r-xp 00000000 08:04 524373                     /lib/x86_64-linux-gnu/libdl-2.23.so
7f1c71622000-7f1c71821000 ---p 00003000 08:04 524373                     /lib/x86_64-linux-gnu/libdl-2.23.so
7f1c71821000-7f1c71822000 r--p 00002000 08:04 524373                     /lib/x86_64-linux-gnu/libdl-2.23.so
7f1c71822000-7f1c71823000 rw-p 00003000 08:04 524373                     /lib/x86_64-linux-gnu/libdl-2.23.so
7f1c71823000-7f1c7183a000 r-xp 00000000 08:04 6696137                    /usr/lib/jvm/java-8-oracle/lib/amd64/jli/libjli.so
7f1c7183a000-7f1c71a39000 ---p 00017000 08:04 6696137                    /usr/lib/jvm/java-8-oracle/lib/amd64/jli/libjli.so
7f1c71a39000-7f1c71a3a000 r--p 00016000 08:04 6696137                    /usr/lib/jvm/java-8-oracle/lib/amd64/jli/libjli.so
7f1c71a3a000-7f1c71a3b000 rw-p 00017000 08:04 6696137                    /usr/lib/jvm/java-8-oracle/lib/amd64/jli/libjli.so
7f1c71a3b000-7f1c71a53000 r-xp 00000000 08:04 524313                     /lib/x86_64-linux-gnu/libpthread-2.23.so
7f1c71a53000-7f1c71c52000 ---p 00018000 08:04 524313                     /lib/x86_64-linux-gnu/libpthread-2.23.so
7f1c71c52000-7f1c71c53000 r--p 00017000 08:04 524313                     /lib/x86_64-linux-gnu/libpthread-2.23.so
7f1c71c53000-7f1c71c54000 rw-p 00018000 08:04 524313                     /lib/x86_64-linux-gnu/libpthread-2.23.so
7f1c71c54000-7f1c71c58000 rw-p 00000000 00:00 0 
7f1c71c58000-7f1c71c7e000 r-xp 00000000 08:04 524305                     /lib/x86_64-linux-gnu/ld-2.23.so
7f1c71c7e000-7f1c71c7f000 r--s 00001000 08:04 536120                     /home/ubuntu/.m2/repository/org/seleniumhq/selenium/selenium-edge-driver/3.2.0/selenium-edge-driver-3.2.0.jar
7f1c71c7f000-7f1c71c80000 r--s 00000000 08:04 536110                     /home/ubuntu/.m2/repository/org/seleniumhq/selenium/selenium-java/3.2.0/selenium-java-3.2.0.jar
7f1c71c80000-7f1c71c81000 r--s 00002000 08:04 536112                     /home/ubuntu/.m2/repository/org/seleniumhq/selenium/selenium-chrome-driver/3.2.0/selenium-chrome-driver-3.2.0.jar
7f1c71c81000-7f1c71c86000 r--s 0005a000 08:04 658224                     /home/ubuntu/.m2/repository/org/apache-extras/beanshell/bsh/2.0b6/bsh-2.0b6.jar
7f1c71c86000-7f1c71c8b000 r--s 00084000 08:04 6696192                    /usr/lib/jvm/java-8-oracle/jre/lib/jfr.jar
7f1c71c8b000-7f1c71c90000 r--s 002f9000 08:04 6696273                    /usr/lib/jvm/java-8-oracle/jre/lib/charsets.jar
7f1c71c90000-7f1c71d5b000 rw-p 00000000 00:00 0 
7f1c71d5b000-7f1c71d5e000 ---p 00000000 00:00 0 
7f1c71d5e000-7f1c71e61000 rw-p 00000000 00:00 0 
7f1c71e61000-7f1c71e63000 r--s 0000f000 08:04 3541290                    /home/ubuntu/.m2/repository/com/beust/jcommander/1.72/jcommander-1.72.jar
7f1c71e63000-7f1c71e66000 r--s 0001a000 08:04 6696508                    /usr/lib/jvm/java-8-oracle/jre/lib/jce.jar
7f1c71e66000-7f1c71e6b000 r--s 000a0000 08:04 6696332                    /usr/lib/jvm/java-8-oracle/jre/lib/jsse.jar
7f1c71e6b000-7f1c71e73000 r--s 00048000 08:04 1342524                    /home/ubuntu/Downloads/sts-bundle/sts-3.9.2.RELEASE/configuration/org.eclipse.osgi/1024/0/.cp/lib/testng-remote.jar
7f1c71e73000-7f1c71e7b000 rw-s 00000000 08:04 10224204                   /tmp/hsperfdata_vaibhav/6250
7f1c71e7b000-7f1c71e7c000 rw-p 00000000 00:00 0 
7f1c71e7c000-7f1c71e7d000 ---p 00000000 00:00 0 
7f1c71e7d000-7f1c71e7e000 r--p 00025000 08:04 524305                     /lib/x86_64-linux-gnu/ld-2.23.so
7f1c71e7e000-7f1c71e7f000 rw-p 00026000 08:04 524305                     /lib/x86_64-linux-gnu/ld-2.23.so
7f1c71e7f000-7f1c71e80000 rw-p 00000000 00:00 0 
7fff9d7dd000-7fff9d800000 rw-p 00000000 00:00 0                          [stack]
7fff9d8c6000-7fff9d8c9000 r--p 00000000 00:00 0                          [vvar]
7fff9d8c9000-7fff9d8cb000 r-xp 00000000 00:00 0                          [vdso]
ffffffffff600000-ffffffffff601000 r-xp 00000000 00:00 0                  [vsyscall]

VM Arguments:
jvm_args: -agentlib:jdwp=transport=dt_socket,suspend=y,address=localhost:45269 -ea -Dfile.encoding=UTF-8 
java_command: org.testng.remote.RemoteTestNG -serport 36133 -protocol json -d /home/ubuntu/git/framework-selenium/test-output /home/ubuntu/git/framework-selenium/src/main/resources/testng.xml
java_class_path (initial): /home/ubuntu/Downloads/sts-bundle/sts-3.9.2.RELEASE/configuration/org.eclipse.osgi/1024/0/.cp/lib/testng-remote.jar:/usr/lib/jvm/java-8-oracle/jre/lib/resources.jar:/usr/lib/jvm/java-8-oracle/jre/lib/rt.jar:/usr/lib/jvm/java-8-oracle/jre/lib/jsse.jar:/usr/lib/jvm/java-8-oracle/jre/lib/jce.jar:/usr/lib/jvm/java-8-oracle/jre/lib/charsets.jar:/usr/lib/jvm/java-8-oracle/jre/lib/jfr.jar:/usr/lib/jvm/java-8-oracle/jre/lib/ext/sunpkcs11.jar:/usr/lib/jvm/java-8-oracle/jre/lib/ext/nashorn.jar:/usr/lib/jvm/java-8-oracle/jre/lib/ext/jfxrt.jar:/usr/lib/jvm/java-8-oracle/jre/lib/ext/sunec.jar:/usr/lib/jvm/java-8-oracle/jre/lib/ext/zipfs.jar:/usr/lib/jvm/java-8-oracle/jre/lib/ext/sunjce_provider.jar:/usr/lib/jvm/java-8-oracle/jre/lib/ext/localedata.jar:/usr/lib/jvm/java-8-oracle/jre/lib/ext/dnsns.jar:/usr/lib/jvm/java-8-oracle/jre/lib/ext/jaccess.jar:/usr/lib/jvm/java-8-oracle/jre/lib/ext/cldrdata.jar:/home/ubuntu/git/framework-selenium/target/test-classes:/home/ubuntu/git/framework-selenium/target/classes:/home/ubuntu/.m2/repository/org/testng/testng/6.14.3/testng-6.14.3.jar:/home/ubuntu/.m2/repository/com/beust/jcommander/1.72/jcommander-1.72.jar:/home/ubuntu/.m2/repository/org/apache-extras/beanshell/bsh/2.0b6/bsh-2.0b6.jar:/home/ubuntu/.m2/repository/org/seleniumhq/selenium/selenium-chrome-driver/3.2.0/selenium-chrome-driver-3.2.0.jar:/home/ubuntu/.m2/repository/org/seleniumhq/selenium/selenium-java/3.2.0/selenium-java-3.2.0.jar:/home/ubuntu/.m2/repository/org/seleniumhq/selenium/selenium-edge-driver/3.2.0/selenium-edge-driver-3.2.0.jar:/home/ubuntu/.m2/repository/org/seleniumhq/selenium/selenium-ie-driver/3.2.0/selenium-ie-driver-3.2.0.jar:/home/ubuntu/.m2/repository/org/seleniumhq/selenium/selenium-opera-driver/3.2.0/selenium-opera-driver-3.2.0.jar:/home/ubuntu/.m2/repository/org/seleniumhq/selenium/selenium-safari-driver/3.2.0/selenium-safari-driver-3.2.0.jar:/home/ubuntu/.m2/repository/com/codeborne/phantomjsdriver/1.4.0/phantomjsdriver-1.4.0.
Launcher Type: SUN_STANDARD

Environment Variables:
JAVA_HOME=/usr/lib/jvm/java-8-oracle
PATH=/home/ubuntu/bin:/home/ubuntu/.local/bin:/usr/local/sbin:/usr/local/bin:/usr/sbin:/usr/bin:/sbin:/bin:/usr/games:/usr/local/games:/snap/bin:/usr/lib/jvm/java-8-oracle/bin:/usr/lib/jvm/java-8-oracle/db/bin:/usr/lib/jvm/java-8-oracle/jre/bin
SHELL=/bin/bash
DISPLAY=:0

Signal Handlers:
SIGSEGV: [libjvm.so+0xaced60], sa_mask[0]=11111111011111111101111111111110, sa_flags=SA_RESTART|SA_SIGINFO
SIGBUS: [libjvm.so+0xaced60], sa_mask[0]=11111111011111111101111111111110, sa_flags=SA_RESTART|SA_SIGINFO
SIGFPE: [libjvm.so+0x907ca0], sa_mask[0]=11111111011111111101111111111110, sa_flags=SA_RESTART|SA_SIGINFO
SIGPIPE: [libjvm.so+0x907ca0], sa_mask[0]=11111111011111111101111111111110, sa_flags=SA_RESTART|SA_SIGINFO
SIGXFSZ: [libjvm.so+0x907ca0], sa_mask[0]=11111111011111111101111111111110, sa_flags=SA_RESTART|SA_SIGINFO
SIGILL: [libjvm.so+0x907ca0], sa_mask[0]=11111111011111111101111111111110, sa_flags=SA_RESTART|SA_SIGINFO
SIGUSR1: SIG_DFL, sa_mask[0]=00000000000000000000000000000000, sa_flags=none
SIGUSR2: [libjvm.so+0x907b70], sa_mask[0]=00100000000000000000000000000000, sa_flags=SA_RESTART|SA_SIGINFO
SIGHUP: [libjvm.so+0x908190], sa_mask[0]=11111111011111111101111111111110, sa_flags=SA_RESTART|SA_SIGINFO
SIGINT: [libjvm.so+0x908190], sa_mask[0]=11111111011111111101111111111110, sa_flags=SA_RESTART|SA_SIGINFO
SIGTERM: [libjvm.so+0x908190], sa_mask[0]=11111111011111111101111111111110, sa_flags=SA_RESTART|SA_SIGINFO
SIGQUIT: [libjvm.so+0x908190], sa_mask[0]=11111111011111111101111111111110, sa_flags=SA_RESTART|SA_SIGINFO


---------------  S Y S T E M  ---------------

OS:DISTRIB_ID=Ubuntu
DISTRIB_RELEASE=16.04
DISTRIB_CODENAME=xenial
DISTRIB_DESCRIPTION="Ubuntu 16.04.5 LTS"

uname:Linux 4.15.0-45-generic #48~16.04.1-Ubuntu SMP Tue Jan 29 18:03:48 UTC 2019 x86_64
libc:glibc 2.23 NPTL 2.23 
rlimit: STACK 8192k, CORE 0k, NPROC 31081, NOFILE 65536, AS infinity
load average:2.55 3.07 3.09

/proc/meminfo:
MemTotal:        8081392 kB
MemFree:          141032 kB
MemAvailable:    1844916 kB
Buffers:          342176 kB
Cached:          1644308 kB
SwapCached:            0 kB
Active:          6232140 kB
Inactive:        1091908 kB
Active(anon):    5186220 kB
Inactive(anon):   520660 kB
Active(file):    1045920 kB
Inactive(file):   571248 kB
Unevictable:         324 kB
Mlocked:             324 kB
SwapTotal:       3952636 kB
SwapFree:        3952636 kB
Dirty:               724 kB
Writeback:             4 kB
AnonPages:       5337976 kB
Mapped:           729896 kB
Shmem:            369316 kB
Slab:             450292 kB
SReclaimable:     394436 kB
SUnreclaim:        55856 kB
KernelStack:       16896 kB
PageTables:        67884 kB
NFS_Unstable:          0 kB
Bounce:                0 kB
WritebackTmp:          0 kB
CommitLimit:     7993332 kB
Committed_AS:   13187744 kB
VmallocTotal:   34359738367 kB
VmallocUsed:           0 kB
VmallocChunk:          0 kB
HardwareCorrupted:     0 kB
AnonHugePages:         0 kB
ShmemHugePages:        0 kB
ShmemPmdMapped:        0 kB
CmaTotal:              0 kB
CmaFree:               0 kB
HugePages_Total:       0
HugePages_Free:        0
HugePages_Rsvd:        0
HugePages_Surp:        0
Hugepagesize:       2048 kB
DirectMap4k:      214524 kB
DirectMap2M:     8087552 kB
DirectMap1G:     1048576 kB

container (cgroup) information:
container_type: cgroupv1
cpu_cpuset_cpus: 0-3
cpu_memory_nodes: 0
active_processor_count: 4
cpu_quota: -1
cpu_period: 100000
cpu_shares: -1
memory_limit_in_bytes: -1
memory_and_swap_limit_in_bytes: -2
memory_soft_limit_in_bytes: -1
memory_usage_in_bytes: 7500443648
memory_max_usage_in_bytes: 0


CPU:total 4 (initial active 4) (2 cores per cpu, 2 threads per core) family 6 model 61 stepping 4, cmov, cx8, fxsr, mmx, sse, sse2, sse3, ssse3, sse4.1, sse4.2, popcnt, avx, avx2, aes, clmul, erms, 3dnowpref, lzcnt, ht, tsc, tscinvbit, bmi1, bmi2, adx

/proc/cpuinfo:
processor	: 0
vendor_id	: GenuineIntel
cpu family	: 6
model		: 61
model name	: Intel(R) Core(TM) i3-5005U CPU @ 2.00GHz
stepping	: 4
microcode	: 0x2b
cpu MHz		: 1895.610
cache size	: 3072 KB
physical id	: 0
siblings	: 4
core id		: 0
cpu cores	: 2
apicid		: 0
initial apicid	: 0
fpu		: yes
fpu_exception	: yes
cpuid level	: 20
wp		: yes
flags		: fpu vme de pse tsc msr pae mce cx8 apic sep mtrr pge mca cmov pat pse36 clflush dts acpi mmx fxsr sse sse2 ss ht tm pbe syscall nx pdpe1gb rdtscp lm constant_tsc arch_perfmon pebs bts rep_good nopl xtopology nonstop_tsc cpuid aperfmperf pni pclmulqdq dtes64 monitor ds_cpl vmx est tm2 ssse3 sdbg fma cx16 xtpr pdcm pcid sse4_1 sse4_2 x2apic movbe popcnt tsc_deadline_timer aes xsave avx f16c rdrand lahf_lm abm 3dnowprefetch cpuid_fault epb invpcid_single pti ssbd ibrs ibpb stibp tpr_shadow vnmi flexpriority ept vpid fsgsbase tsc_adjust bmi1 avx2 smep bmi2 erms invpcid rdseed adx smap intel_pt xsaveopt dtherm arat pln pts flush_l1d
bugs		: cpu_meltdown spectre_v1 spectre_v2 spec_store_bypass l1tf
bogomips	: 3990.75
clflush size	: 64
cache_alignment	: 64
address sizes	: 39 bits physical, 48 bits virtual
power management:

processor	: 1
vendor_id	: GenuineIntel
cpu family	: 6
model		: 61
model name	: Intel(R) Core(TM) i3-5005U CPU @ 2.00GHz
stepping	: 4
microcode	: 0x2b
cpu MHz		: 1895.610
cache size	: 3072 KB
physical id	: 0
siblings	: 4
core id		: 1
cpu cores	: 2
apicid		: 2
initial apicid	: 2
fpu		: yes
fpu_exception	: yes
cpuid level	: 20
wp		: yes
flags		: fpu vme de pse tsc msr pae mce cx8 apic sep mtrr pge mca cmov pat pse36 clflush dts acpi mmx fxsr sse sse2 ss ht tm pbe syscall nx pdpe1gb rdtscp lm constant_tsc arch_perfmon pebs bts rep_good nopl xtopology nonstop_tsc cpuid aperfmperf pni pclmulqdq dtes64 monitor ds_cpl vmx est tm2 ssse3 sdbg fma cx16 xtpr pdcm pcid sse4_1 sse4_2 x2apic movbe popcnt tsc_deadline_timer aes xsave avx f16c rdrand lahf_lm abm 3dnowprefetch cpuid_fault epb invpcid_single pti ssbd ibrs ibpb stibp tpr_shadow vnmi flexpriority ept vpid fsgsbase tsc_adjust bmi1 avx2 smep bmi2 erms invpcid rdseed adx smap intel_pt xsaveopt dtherm arat pln pts flush_l1d
bugs		: cpu_meltdown spectre_v1 spectre_v2 spec_store_bypass l1tf
bogomips	: 3990.75
clflush size	: 64
cache_alignment	: 64
address sizes	: 39 bits physical, 48 bits virtual
power management:

processor	: 2
vendor_id	: GenuineIntel
cpu family	: 6
model		: 61
model name	: Intel(R) Core(TM) i3-5005U CPU @ 2.00GHz
stepping	: 4
microcode	: 0x2b
cpu MHz		: 1895.610
cache size	: 3072 KB
physical id	: 0
siblings	: 4
core id		: 0
cpu cores	: 2
apicid		: 1
initial apicid	: 1
fpu		: yes
fpu_exception	: yes
cpuid level	: 20
wp		: yes
flags		: fpu vme de pse tsc msr pae mce cx8 apic sep mtrr pge mca cmov pat pse36 clflush dts acpi mmx fxsr sse sse2 ss ht tm pbe syscall nx pdpe1gb rdtscp lm constant_tsc arch_perfmon pebs bts rep_good nopl xtopology nonstop_tsc cpuid aperfmperf pni pclmulqdq dtes64 monitor ds_cpl vmx est tm2 ssse3 sdbg fma cx16 xtpr pdcm pcid sse4_1 sse4_2 x2apic movbe popcnt tsc_deadline_timer aes xsave avx f16c rdrand lahf_lm abm 3dnowprefetch cpuid_fault epb invpcid_single pti ssbd ibrs ibpb stibp tpr_shadow vnmi flexpriority ept vpid fsgsbase tsc_adjust bmi1 avx2 smep bmi2 erms invpcid rdseed adx smap intel_pt xsaveopt dtherm arat pln pts flush_l1d
bugs		: cpu_meltdown spectre_v1 spectre_v2 spec_store_bypass l1tf
bogomips	: 3990.75
clflush size	: 64
cache_alignment	: 64
address sizes	: 39 bits physical, 48 bits virtual
power management:

processor	: 3
vendor_id	: GenuineIntel
cpu family	: 6
model		: 61
model name	: Intel(R) Core(TM) i3-5005U CPU @ 2.00GHz
stepping	: 4
microcode	: 0x2b
cpu MHz		: 1895.609
cache size	: 3072 KB
physical id	: 0
siblings	: 4
core id		: 1
cpu cores	: 2
apicid		: 3
initial apicid	: 3
fpu		: yes
fpu_exception	: yes
cpuid level	: 20
wp		: yes
flags		: fpu vme de pse tsc msr pae mce cx8 apic sep mtrr pge mca cmov pat pse36 clflush dts acpi mmx fxsr sse sse2 ss ht tm pbe syscall nx pdpe1gb rdtscp lm constant_tsc arch_perfmon pebs bts rep_good nopl xtopology nonstop_tsc cpuid aperfmperf pni pclmulqdq dtes64 monitor ds_cpl vmx est tm2 ssse3 sdbg fma cx16 xtpr pdcm pcid sse4_1 sse4_2 x2apic movbe popcnt tsc_deadline_timer aes xsave avx f16c rdrand lahf_lm abm 3dnowprefetch cpuid_fault epb invpcid_single pti ssbd ibrs ibpb stibp tpr_shadow vnmi flexpriority ept vpid fsgsbase tsc_adjust bmi1 avx2 smep bmi2 erms invpcid rdseed adx smap intel_pt xsaveopt dtherm arat pln pts flush_l1d
bugs		: cpu_meltdown spectre_v1 spectre_v2 spec_store_bypass l1tf
bogomips	: 3990.75
clflush size	: 64
cache_alignment	: 64
address sizes	: 39 bits physical, 48 bits virtual
power management:



Memory: 4k page, physical 8081392k(141032k free), swap 3952636k(3952636k free)

vm_info: Java HotSpot(TM) 64-Bit Server VM (25.191-b12) for linux-amd64 JRE (1.8.0_191-b12), built on Oct  6 2018 05:43:09 by "java_re" with gcc 7.3.0

time: Thu Feb 28 18:58:10 2019
elapsed time: 289 seconds (0d 0h 4m 49s)

